2021-03-04 11:17:21.859  WARN 4260 --- [main] JpaBaseConfiguration$JpaWebConfiguration : spring.jpa.open-in-view is enabled by default. Therefore, database queries may be performed during view rendering. Explicitly configure spring.jpa.open-in-view to disable this warning
2021-03-04 11:18:22.440 DEBUG 4260 --- [http-nio-8080-exec-1] org.hibernate.SQL                        : select next_val as id_val from hibernate_sequence for update
2021-03-04 11:18:22.483 DEBUG 4260 --- [http-nio-8080-exec-1] org.hibernate.SQL                        : update hibernate_sequence set next_val= ? where next_val=?
2021-03-04 11:18:22.650 DEBUG 4260 --- [http-nio-8080-exec-1] org.hibernate.SQL                        : insert into prodotto (nome, id) values (?, ?)
2021-03-04 11:18:22.657 TRACE 4260 --- [http-nio-8080-exec-1] o.h.type.descriptor.sql.BasicBinder      : binding parameter [1] as [VARCHAR] - [pere]
2021-03-04 11:18:22.660 TRACE 4260 --- [http-nio-8080-exec-1] o.h.type.descriptor.sql.BasicBinder      : binding parameter [2] as [BIGINT] - [40]
2021-03-04 11:18:23.157 DEBUG 4260 --- [http-nio-8080-exec-1] org.hibernate.SQL                        : select prodotto0_.id as id1_0_, prodotto0_.nome as nome2_0_ from prodotto prodotto0_
2021-03-04 11:18:37.388 DEBUG 4260 --- [http-nio-8080-exec-3] org.hibernate.SQL                        : select next_val as id_val from hibernate_sequence for update
2021-03-04 11:18:37.392 DEBUG 4260 --- [http-nio-8080-exec-3] org.hibernate.SQL                        : update hibernate_sequence set next_val= ? where next_val=?
2021-03-04 11:18:37.403 DEBUG 4260 --- [http-nio-8080-exec-3] org.hibernate.SQL                        : insert into prodotto (nome, id) values (?, ?)
2021-03-04 11:18:37.404 TRACE 4260 --- [http-nio-8080-exec-3] o.h.type.descriptor.sql.BasicBinder      : binding parameter [1] as [VARCHAR] - [mele]
2021-03-04 11:18:37.406 TRACE 4260 --- [http-nio-8080-exec-3] o.h.type.descriptor.sql.BasicBinder      : binding parameter [2] as [BIGINT] - [41]
2021-03-04 11:18:37.423 DEBUG 4260 --- [http-nio-8080-exec-3] org.hibernate.SQL                        : select prodotto0_.id as id1_0_, prodotto0_.nome as nome2_0_ from prodotto prodotto0_
2021-03-04 11:18:41.465 DEBUG 4260 --- [http-nio-8080-exec-5] org.hibernate.SQL                        : select next_val as id_val from hibernate_sequence for update
2021-03-04 11:18:41.468 DEBUG 4260 --- [http-nio-8080-exec-5] org.hibernate.SQL                        : update hibernate_sequence set next_val= ? where next_val=?
2021-03-04 11:18:41.480 DEBUG 4260 --- [http-nio-8080-exec-5] org.hibernate.SQL                        : insert into prodotto (nome, id) values (?, ?)
2021-03-04 11:18:41.482 TRACE 4260 --- [http-nio-8080-exec-5] o.h.type.descriptor.sql.BasicBinder      : binding parameter [1] as [VARCHAR] - [pane]
2021-03-04 11:18:41.485 TRACE 4260 --- [http-nio-8080-exec-5] o.h.type.descriptor.sql.BasicBinder      : binding parameter [2] as [BIGINT] - [42]
2021-03-04 11:18:41.520 DEBUG 4260 --- [http-nio-8080-exec-5] org.hibernate.SQL                        : select prodotto0_.id as id1_0_, prodotto0_.nome as nome2_0_ from prodotto prodotto0_
2021-03-04 11:18:42.534 DEBUG 4260 --- [http-nio-8080-exec-6] org.hibernate.SQL                        : delete from prodotto
2021-03-04 11:18:42.585 DEBUG 4260 --- [http-nio-8080-exec-6] org.hibernate.SQL                        : select prodotto0_.id as id1_0_, prodotto0_.nome as nome2_0_ from prodotto prodotto0_
